#
# A fatal error has been detected by the Java Runtime Environment:
#
#  EXCEPTION_ACCESS_VIOLATION (0xc0000005) at pc=0x00007fff94744279, pid=1612, tid=5232
#
# JRE version: Java(TM) SE Runtime Environment (18.0.1.1+2) (build 18.0.1.1+2-6)
# Java VM: Java HotSpot(TM) 64-Bit Server VM (18.0.1.1+2-6, mixed mode, sharing, tiered, compressed oops, compressed class ptrs, g1 gc, windows-amd64)
# Problematic frame:
# V  [jvm.dll+0x1d4279]
#
# No core dump will be written. Minidumps are not enabled by default on client versions of Windows
#
# If you would like to submit a bug report, please visit:
#   https://bugreport.java.com/bugreport/crash.jsp
#

---------------  S U M M A R Y ------------

Command Line: -Xmx64m -Xms64m -Dorg.gradle.appname=gradlew org.gradle.wrapper.GradleWrapperMain app:installDebug -PreactNativeDevServerPort=8081

Host: AMD A8-7410 APU with AMD Radeon R5 Graphics    , 4 cores, 6G,  Windows 10 , 64 bit Build 19041 (10.0.19041.1806)
Time: Wed Aug  3 08:28:52 2022 SE Asia Standard Time elapsed time: 3.685917 seconds (0d 0h 0m 3s)

---------------  T H R E A D  ---------------

Current thread (0x000001cac59757b0):  JavaThread "C2 CompilerThread0" daemon [_thread_in_native, id=5232, stack(0x000000bd25200000,0x000000bd25300000)]


Current CompileTask:
C2:   3686 1211 % !   4       java.util.concurrent.ConcurrentHashMap::transfer @ 372 (849 bytes)

Stack: [0x000000bd25200000,0x000000bd25300000],  sp=0x000000bd252fb850,  free space=1006k
Native frames: (J=compiled Java code, j=interpreted, Vv=VM code, C=native code)
V  [jvm.dll+0x1d4279]
V  [jvm.dll+0x1d23d6]
V  [jvm.dll+0x22fd79]
V  [jvm.dll+0x22eff1]
V  [jvm.dll+0x1b9cfc]
V  [jvm.dll+0x23e8ca]
V  [jvm.dll+0x23cbb5]
V  [jvm.dll+0x7a5fb1]
V  [jvm.dll+0x7a03ea]
V  [jvm.dll+0x697725]
C  [ucrtbase.dll+0x21bb2]
C  [KERNEL32.DLL+0x17034]
C  [ntdll.dll+0x52651]


siginfo: EXCEPTION_ACCESS_VIOLATION (0xc0000005), reading address 0x00007fef94e51d98


Register to memory mapping:

RIP=0x00007fff94744279 jvm.dll
RAX=0x00007fef94e51d20 is an unknown value
RBX=0x0 is NULL
RCX=0x000001cac9fda3c8 points into unknown readable memory: 0x00007fef94e51d20 | 20 1d e5 94 ef 7f 00 00
RDX=0x0000000000000242 is an unknown value
RSP=0x000000bd252fb850 is pointing into the stack for thread: 0x000001cac59757b0
RBP=0x0000000000000242 is an unknown value
RSI=0x000001cac9e42448 points into unknown readable memory: 0x00007fff94e56240 | 40 62 e5 94 ff 7f 00 00
RDI=0x000001cac9fda3c8 points into unknown readable memory: 0x00007fef94e51d20 | 20 1d e5 94 ef 7f 00 00
R8 =0x0 is NULL
R9 =0x0 is NULL
R10=0x0 is NULL
R11=0x0000000000000246 is an unknown value
R12=0x000000000000013c is an unknown value
R13=0x000000bd252fbd00 is pointing into the stack for thread: 0x000001cac59757b0
R14=0x0000000000000001 is an unknown value
R15=0x0000000000000008 is an unknown value


Registers:
RAX=0x00007fef94e51d20, RBX=0x0000000000000000, RCX=0x000001cac9fda3c8, RDX=0x0000000000000242
RSP=0x000000bd252fb850, RBP=0x0000000000000242, RSI=0x000001cac9e42448, RDI=0x000001cac9fda3c8
R8 =0x0000000000000000, R9 =0x0000000000000000, R10=0x0000000000000000, R11=0x0000000000000246
R12=0x000000000000013c, R13=0x000000bd252fbd00, R14=0x0000000000000001, R15=0x0000000000000008
RIP=0x00007fff94744279, EFLAGS=0x0000000000010287

Top of Stack: (sp=0x000000bd252fb850)
0x000000bd252fb850:   0000000000000000 0000000000000007
0x000000bd252fb860:   000000bd252fb8d0 00007fff948f3c1a
0x000000bd252fb870:   000001cac5989400 000001cac5989410
0x000000bd252fb880:   00000000000003d8 000001cac595be60
0x000000bd252fb890:   000000bd252fbd00 00007fff947423d6
0x000000bd252fb8a0:   000000bd00000015 000000bd252fb9a0
0x000000bd252fb8b0:   0000000000000000 000001cac59897e8
0x000000bd252fb8c0:   0000000000000000 0000000000000000
0x000000bd252fb8d0:   0000000000000007 000001cac5989400
0x000000bd252fb8e0:   000001cac5989400 000001cac5989410
0x000000bd252fb8f0:   000001cac59897e8 00000000000003d8
0x000000bd252fb900:   0000000000007fd8 00007fffe4de25cd
0x000000bd252fb910:   000000bd252fb9e8 0000000000000002
0x000000bd252fb920:   000001ca00000000 0000000000000140
0x000000bd252fb930:   0000000000007fd8 00007fff94628b96
0x000000bd252fb940:   00007fff950295f0 0000000042f56c87 

Instructions: (pc=0x00007fff94744279)
0x00007fff94744179:   89 7c 24 18 0f 1f 00 4d 8b 4a 10 49 63 c3 48 8d
0x00007fff94744189:   3c 85 00 00 00 00 49 8b 42 28 48 63 1c 07 41 8b
0x00007fff94744199:   04 99 3b d8 74 42 44 8b c3 8b d0 48 63 c8 41 8b
0x00007fff947441a9:   04 89 3b c2 75 f3 3b d8 74 20 0f 1f 40 00 66 0f
0x00007fff947441b9:   1f 84 00 00 00 00 00 49 8b 4a 10 49 63 d0 44 8b
0x00007fff947441c9:   04 91 89 04 91 44 3b c0 75 ed 41 8b c0 3b d8 74
0x00007fff947441d9:   07 49 8b 4a 28 89 04 0f 41 ff c3 44 3b de 72 97
0x00007fff947441e9:   48 8b 7c 24 18 48 8b 5c 24 10 5e c3 cc cc cc cc
0x00007fff947441f9:   cc cc cc cc cc cc cc 40 53 41 55 48 83 ec 38 4c
0x00007fff94744209:   8b 41 48 33 db 48 89 6c 24 58 4c 8b e9 48 89 7c
0x00007fff94744219:   24 68 bd 01 00 00 00 4c 89 64 24 30 44 8b e3 41
0x00007fff94744229:   39 58 40 0f 86 b5 00 00 00 48 89 74 24 60 4c 89
0x00007fff94744239:   74 24 28 4c 89 7c 24 20 49 8b 40 30 44 8b f3 41
0x00007fff94744249:   8b d4 48 8b 34 d0 8b 46 28 89 44 24 50 85 c0 74
0x00007fff94744259:   71 4c 8b fb 0f 1f 00 44 3b 76 18 73 0a 48 8b 46
0x00007fff94744269:   20 49 8b 3c 07 eb 03 48 8b fb 48 8b 07 48 8b cf
0x00007fff94744279:   ff 50 78 4c 8b c3 44 8b 48 5c 8b 48 58 41 3b c9
0x00007fff94744289:   77 12 0f 1f 44 00 00 8b d1 ff c1 4c 0b 04 d0 41
0x00007fff94744299:   3b c9 76 f3 48 63 4f 28 8d 55 01 49 8b 85 08 01
0x00007fff947442a9:   00 00 4d 85 c0 0f 44 d5 0f 44 eb 41 ff c6 49 83
0x00007fff947442b9:   c7 08 89 2c 88 8b ea 44 3b 74 24 50 72 99 4d 8b
0x00007fff947442c9:   45 48 41 ff c4 45 3b 60 40 0f 82 69 ff ff ff 4c
0x00007fff947442d9:   8b 7c 24 20 4c 8b 74 24 28 48 8b 74 24 60 4c 8b
0x00007fff947442e9:   64 24 30 49 8d bd e8 00 00 00 41 89 ad e0 00 00
0x00007fff947442f9:   00 8b 07 3b e8 7c 34 3b 6f 04 7c 0c 8b d5 48 8b
0x00007fff94744309:   cf e8 91 1b ef ff 8b 07 48 63 c8 48 63 d5 48 3b
0x00007fff94744319:   ca 7d 13 0f 1f 40 00 48 8b 47 08 89 1c 88 48 ff
0x00007fff94744329:   c1 48 3b ca 7c f1 8d 45 01 89 07 48 8b 47 08 48
0x00007fff94744339:   8b 7c 24 68 48 63 cd 48 8b 6c 24 58 89 1c 88 41
0x00007fff94744349:   39 9d e0 00 00 00 76 18 49 8b 85 f0 00 00 00 48
0x00007fff94744359:   63 cb 89 1c 88 ff c3 41 3b 9d e0 00 00 00 72 e8
0x00007fff94744369:   48 83 c4 38 41 5d 5b c3 cc cc cc cc cc cc cc cc 


Stack slot to memory mapping:
stack at sp + 0 slots: 0x0 is NULL
stack at sp + 1 slots: 0x0000000000000007 is an unknown value
stack at sp + 2 slots: 0x000000bd252fb8d0 is pointing into the stack for thread: 0x000001cac59757b0
stack at sp + 3 slots: 0x00007fff948f3c1a jvm.dll
stack at sp + 4 slots: 0x000001cac5989400 points into unknown readable memory: 0x0000000000000000 | 00 00 00 00 00 00 00 00
stack at sp + 5 slots: 0x000001cac5989410 points into unknown readable memory: 0x00007fff00000002 | 02 00 00 00 ff 7f 00 00
stack at sp + 6 slots: 0x00000000000003d8 is an unknown value
stack at sp + 7 slots: 0x000001cac595be60 points into unknown readable memory: 0x0000000000000000 | 00 00 00 00 00 00 00 00


---------------  P R O C E S S  ---------------

Threads class SMR info:
_java_thread_list=0x000001caca10a930, length=14, elements={
0x000001caaaa7bf90, 0x000001caaab6cfb0, 0x000001caaab6eac0, 0x000001cac5967120,
0x000001cac5967ac0, 0x000001cac5968460, 0x000001cac5968e00, 0x000001cac59757b0,
0x000001cac5978330, 0x000001cac597dbd0, 0x000001cac9c51580, 0x000001cac9c53cc0,
0x000001caca041a80, 0x000001cac5979260
}

Java Threads: ( => current thread )
  0x000001caaaa7bf90 JavaThread "main" [_thread_in_Java, id=1900, stack(0x000000bd24500000,0x000000bd24600000)]
  0x000001caaab6cfb0 JavaThread "Reference Handler" daemon [_thread_blocked, id=7384, stack(0x000000bd24c00000,0x000000bd24d00000)]
  0x000001caaab6eac0 JavaThread "Finalizer" daemon [_thread_blocked, id=7212, stack(0x000000bd24d00000,0x000000bd24e00000)]
  0x000001cac5967120 JavaThread "Signal Dispatcher" daemon [_thread_blocked, id=7220, stack(0x000000bd24e00000,0x000000bd24f00000)]
  0x000001cac5967ac0 JavaThread "Attach Listener" daemon [_thread_blocked, id=6924, stack(0x000000bd24f00000,0x000000bd25000000)]
  0x000001cac5968460 JavaThread "Service Thread" daemon [_thread_blocked, id=6892, stack(0x000000bd25000000,0x000000bd25100000)]
  0x000001cac5968e00 JavaThread "Monitor Deflation Thread" daemon [_thread_blocked, id=4892, stack(0x000000bd25100000,0x000000bd25200000)]
=>0x000001cac59757b0 JavaThread "C2 CompilerThread0" daemon [_thread_in_native, id=5232, stack(0x000000bd25200000,0x000000bd25300000)]
  0x000001cac5978330 JavaThread "C1 CompilerThread0" daemon [_thread_blocked, id=2852, stack(0x000000bd25300000,0x000000bd25400000)]
  0x000001cac597dbd0 JavaThread "Sweeper thread" daemon [_thread_blocked, id=7016, stack(0x000000bd25400000,0x000000bd25500000)]
  0x000001cac9c51580 JavaThread "Notification Thread" daemon [_thread_blocked, id=7884, stack(0x000000bd25500000,0x000000bd25600000)]
  0x000001cac9c53cc0 JavaThread "Common-Cleaner" daemon [_thread_blocked, id=6900, stack(0x000000bd25700000,0x000000bd25800000)]
  0x000001caca041a80 JavaThread "pool-1-thread-1" [_thread_blocked, id=8344, stack(0x000000bd25c00000,0x000000bd25d00000)]
  0x000001cac5979260 JavaThread "C2 CompilerThread1" daemon [_thread_in_native, id=5460, stack(0x000000bd25d00000,0x000000bd25e00000)]

Other Threads:
  0x000001caaaaec2f0 VMThread "VM Thread" [stack: 0x000000bd24b00000,0x000000bd24c00000] [id=7204]
  0x000001cac9c51a40 WatcherThread "VM Periodic Task Thread" [stack: 0x000000bd25600000,0x000000bd25700000] [id=8772]
  0x000001caaaad88c0 WorkerThread "GC Thread#0" [stack: 0x000000bd24600000,0x000000bd24700000] [id=4996]
  0x000001caca1888f0 WorkerThread "GC Thread#1" [stack: 0x000000bd25900000,0x000000bd25a00000] [id=7308]
  0x000001caca043800 WorkerThread "GC Thread#2" [stack: 0x000000bd25a00000,0x000000bd25b00000] [id=7292]
  0x000001caca043aa0 WorkerThread "GC Thread#3" [stack: 0x000000bd25b00000,0x000000bd25c00000] [id=7704]
  0x000001caaaada810 ConcurrentGCThread "G1 Main Marker" [stack: 0x000000bd24700000,0x000000bd24800000] [id=1688]
  0x000001caaaadb9a0 WorkerThread "G1 Conc#0" [stack: 0x000000bd24800000,0x000000bd24900000] [id=2740]
  0x000001caaab07e70 ConcurrentGCThread "G1 Refine#0" [stack: 0x000000bd24900000,0x000000bd24a00000] [id=7848]
  0x000001caaab08b90 ConcurrentGCThread "G1 Service" [stack: 0x000000bd24a00000,0x000000bd24b00000] [id=6596]

Threads with active compile tasks:
C2 CompilerThread0     3778 1211 % !   4       java.util.concurrent.ConcurrentHashMap::transfer @ 372 (849 bytes)
C2 CompilerThread1     3778 1270       4       sun.util.locale.BaseLocale::getInstance (150 bytes)

VM state: not at safepoint (normal execution)

VM Mutex/Monitor currently owned by a thread: None

Heap address: 0x00000000fc000000, size: 64 MB, Compressed Oops mode: 32-bit

CDS archive(s) mapped at: [0x0000000800000000-0x0000000800ba0000-0x0000000800ba0000), size 12189696, SharedBaseAddress: 0x0000000800000000, ArchiveRelocationMode: 0.
Compressed class space mapped at: 0x0000000800c00000-0x0000000840c00000, reserved size: 1073741824
Narrow klass base: 0x0000000800000000, Narrow klass shift: 0, Narrow klass range: 0x100000000

GC Precious Log:
 CardTable entry size: 512
 Card Set container configuration: InlinePtr #cards 5 size 8 Array Of Cards #cards 12 size 40 Howl #buckets 4 coarsen threshold 1843 Howl Bitmap #cards 512 size 80 coarsen threshold 460 Card regions per heap region 1 cards per card region 2048
 CPUs: 4 total, 4 available
 Memory: 7090M
 Large Page Support: Disabled
 NUMA Support: Disabled
 Compressed Oops: Enabled (32-bit)
 Heap Region Size: 1M
 Heap Min Capacity: 64M
 Heap Initial Capacity: 64M
 Heap Max Capacity: 64M
 Pre-touch: Disabled
 Parallel Workers: 4
 Concurrent Workers: 1
 Concurrent Refinement Workers: 4
 Periodic GC: Disabled

Heap:
 garbage-first heap   total 65536K, used 15781K [0x00000000fc000000, 0x0000000100000000)
  region size 1024K, 10 young (10240K), 3 survivors (3072K)
 Metaspace       used 7855K, committed 8064K, reserved 1114112K
  class space    used 1053K, committed 1152K, reserved 1048576K

Heap Regions: E=young(eden), S=young(survivor), O=old, HS=humongous(starts), HC=humongous(continues), CS=collection set, F=free, OA=open archive, CA=closed archive, TAMS=top-at-mark-start (previous, next)
|   0|0x00000000fc000000, 0x00000000fc100000, 0x00000000fc100000|100%|HS|  |TAMS 0x00000000fc000000, 0x00000000fc000000| Complete 
|   1|0x00000000fc100000, 0x00000000fc200000, 0x00000000fc200000|100%|HC|  |TAMS 0x00000000fc100000, 0x00000000fc100000| Complete 
|   2|0x00000000fc200000, 0x00000000fc300000, 0x00000000fc300000|100%|HC|  |TAMS 0x00000000fc200000, 0x00000000fc200000| Complete 
|   3|0x00000000fc300000, 0x00000000fc400000, 0x00000000fc400000|100%| O|  |TAMS 0x00000000fc300000, 0x00000000fc300000| Untracked 
|   4|0x00000000fc400000, 0x00000000fc500000, 0x00000000fc500000|100%| O|  |TAMS 0x00000000fc400000, 0x00000000fc400000| Untracked 
|   5|0x00000000fc500000, 0x00000000fc600000, 0x00000000fc600000|100%| O|  |TAMS 0x00000000fc500000, 0x00000000fc500000| Untracked 
|   6|0x00000000fc600000, 0x00000000fc669600, 0x00000000fc700000| 41%| O|  |TAMS 0x00000000fc600000, 0x00000000fc600000| Untracked 
|   7|0x00000000fc700000, 0x00000000fc700000, 0x00000000fc800000|  0%| F|  |TAMS 0x00000000fc700000, 0x00000000fc700000| Untracked 
|   8|0x00000000fc800000, 0x00000000fc800000, 0x00000000fc900000|  0%| F|  |TAMS 0x00000000fc800000, 0x00000000fc800000| Untracked 
|   9|0x00000000fc900000, 0x00000000fc900000, 0x00000000fca00000|  0%| F|  |TAMS 0x00000000fc900000, 0x00000000fc900000| Untracked 
|  10|0x00000000fca00000, 0x00000000fca00000, 0x00000000fcb00000|  0%| F|  |TAMS 0x00000000fca00000, 0x00000000fca00000| Untracked 
|  11|0x00000000fcb00000, 0x00000000fcb00000, 0x00000000fcc00000|  0%| F|  |TAMS 0x00000000fcb00000, 0x00000000fcb00000| Untracked 
|  12|0x00000000fcc00000, 0x00000000fcc00000, 0x00000000fcd00000|  0%| F|  |TAMS 0x00000000fcc00000, 0x00000000fcc00000| Untracked 
|  13|0x00000000fcd00000, 0x00000000fcd00000, 0x00000000fce00000|  0%| F|  |TAMS 0x00000000fcd00000, 0x00000000fcd00000| Untracked 
|  14|0x00000000fce00000, 0x00000000fce00000, 0x00000000fcf00000|  0%| F|  |TAMS 0x00000000fce00000, 0x00000000fce00000| Untracked 
|  15|0x00000000fcf00000, 0x00000000fcf00000, 0x00000000fd000000|  0%| F|  |TAMS 0x00000000fcf00000, 0x00000000fcf00000| Untracked 
|  16|0x00000000fd000000, 0x00000000fd000000, 0x00000000fd100000|  0%| F|  |TAMS 0x00000000fd000000, 0x00000000fd000000| Untracked 
|  17|0x00000000fd100000, 0x00000000fd100000, 0x00000000fd200000|  0%| F|  |TAMS 0x00000000fd100000, 0x00000000fd100000| Untracked 
|  18|0x00000000fd200000, 0x00000000fd200000, 0x00000000fd300000|  0%| F|  |TAMS 0x00000000fd200000, 0x00000000fd200000| Untracked 
|  19|0x00000000fd300000, 0x00000000fd300000, 0x00000000fd400000|  0%| F|  |TAMS 0x00000000fd300000, 0x00000000fd300000| Untracked 
|  20|0x00000000fd400000, 0x00000000fd400000, 0x00000000fd500000|  0%| F|  |TAMS 0x00000000fd400000, 0x00000000fd400000| Untracked 
|  21|0x00000000fd500000, 0x00000000fd500000, 0x00000000fd600000|  0%| F|  |TAMS 0x00000000fd500000, 0x00000000fd500000| Untracked 
|  22|0x00000000fd600000, 0x00000000fd600000, 0x00000000fd700000|  0%| F|  |TAMS 0x00000000fd600000, 0x00000000fd600000| Untracked 
|  23|0x00000000fd700000, 0x00000000fd700000, 0x00000000fd800000|  0%| F|  |TAMS 0x00000000fd700000, 0x00000000fd700000| Untracked 
|  24|0x00000000fd800000, 0x00000000fd800000, 0x00000000fd900000|  0%| F|  |TAMS 0x00000000fd800000, 0x00000000fd800000| Untracked 
|  25|0x00000000fd900000, 0x00000000fd900000, 0x00000000fda00000|  0%| F|  |TAMS 0x00000000fd900000, 0x00000000fd900000| Untracked 
|  26|0x00000000fda00000, 0x00000000fda00000, 0x00000000fdb00000|  0%| F|  |TAMS 0x00000000fda00000, 0x00000000fda00000| Untracked 
|  27|0x00000000fdb00000, 0x00000000fdb00000, 0x00000000fdc00000|  0%| F|  |TAMS 0x00000000fdb00000, 0x00000000fdb00000| Untracked 
|  28|0x00000000fdc00000, 0x00000000fdc00000, 0x00000000fdd00000|  0%| F|  |TAMS 0x00000000fdc00000, 0x00000000fdc00000| Untracked 
|  29|0x00000000fdd00000, 0x00000000fdd00000, 0x00000000fde00000|  0%| F|  |TAMS 0x00000000fdd00000, 0x00000000fdd00000| Untracked 
|  30|0x00000000fde00000, 0x00000000fde00000, 0x00000000fdf00000|  0%| F|  |TAMS 0x00000000fde00000, 0x00000000fde00000| Untracked 
|  31|0x00000000fdf00000, 0x00000000fdf00000, 0x00000000fe000000|  0%| F|  |TAMS 0x00000000fdf00000, 0x00000000fdf00000| Untracked 
|  32|0x00000000fe000000, 0x00000000fe000000, 0x00000000fe100000|  0%| F|  |TAMS 0x00000000fe000000, 0x00000000fe000000| Untracked 
|  33|0x00000000fe100000, 0x00000000fe100000, 0x00000000fe200000|  0%| F|  |TAMS 0x00000000fe100000, 0x00000000fe100000| Untracked 
|  34|0x00000000fe200000, 0x00000000fe200000, 0x00000000fe300000|  0%| F|  |TAMS 0x00000000fe200000, 0x00000000fe200000| Untracked 
|  35|0x00000000fe300000, 0x00000000fe300000, 0x00000000fe400000|  0%| F|  |TAMS 0x00000000fe300000, 0x00000000fe300000| Untracked 
|  36|0x00000000fe400000, 0x00000000fe400000, 0x00000000fe500000|  0%| F|  |TAMS 0x00000000fe400000, 0x00000000fe400000| Untracked 
|  37|0x00000000fe500000, 0x00000000fe500000, 0x00000000fe600000|  0%| F|  |TAMS 0x00000000fe500000, 0x00000000fe500000| Untracked 
|  38|0x00000000fe600000, 0x00000000fe600000, 0x00000000fe700000|  0%| F|  |TAMS 0x00000000fe600000, 0x00000000fe600000| Untracked 
|  39|0x00000000fe700000, 0x00000000fe700000, 0x00000000fe800000|  0%| F|  |TAMS 0x00000000fe700000, 0x00000000fe700000| Untracked 
|  40|0x00000000fe800000, 0x00000000fe800000, 0x00000000fe900000|  0%| F|  |TAMS 0x00000000fe800000, 0x00000000fe800000| Untracked 
|  41|0x00000000fe900000, 0x00000000fe900000, 0x00000000fea00000|  0%| F|  |TAMS 0x00000000fe900000, 0x00000000fe900000| Untracked 
|  42|0x00000000fea00000, 0x00000000fea00000, 0x00000000feb00000|  0%| F|  |TAMS 0x00000000fea00000, 0x00000000fea00000| Untracked 
|  43|0x00000000feb00000, 0x00000000feb00000, 0x00000000fec00000|  0%| F|  |TAMS 0x00000000feb00000, 0x00000000feb00000| Untracked 
|  44|0x00000000fec00000, 0x00000000fed00000, 0x00000000fed00000|100%| S|CS|TAMS 0x00000000fec00000, 0x00000000fec00000| Complete 
|  45|0x00000000fed00000, 0x00000000fee00000, 0x00000000fee00000|100%| S|CS|TAMS 0x00000000fed00000, 0x00000000fed00000| Complete 
|  46|0x00000000fee00000, 0x00000000fef00000, 0x00000000fef00000|100%| S|CS|TAMS 0x00000000fee00000, 0x00000000fee00000| Complete 
|  47|0x00000000fef00000, 0x00000000fef00000, 0x00000000ff000000|  0%| F|  |TAMS 0x00000000fef00000, 0x00000000fef00000| Untracked 
|  48|0x00000000ff000000, 0x00000000ff000000, 0x00000000ff100000|  0%| F|  |TAMS 0x00000000ff000000, 0x00000000ff000000| Untracked 
|  49|0x00000000ff100000, 0x00000000ff100000, 0x00000000ff200000|  0%| F|  |TAMS 0x00000000ff100000, 0x00000000ff100000| Untracked 
|  50|0x00000000ff200000, 0x00000000ff200000, 0x00000000ff300000|  0%| F|  |TAMS 0x00000000ff200000, 0x00000000ff200000| Untracked 
|  51|0x00000000ff300000, 0x00000000ff300000, 0x00000000ff400000|  0%| F|  |TAMS 0x00000000ff300000, 0x00000000ff300000| Untracked 
|  52|0x00000000ff400000, 0x00000000ff400000, 0x00000000ff500000|  0%| F|  |TAMS 0x00000000ff400000, 0x00000000ff400000| Untracked 
|  53|0x00000000ff500000, 0x00000000ff500000, 0x00000000ff600000|  0%| F|  |TAMS 0x00000000ff500000, 0x00000000ff500000| Untracked 
|  54|0x00000000ff600000, 0x00000000ff600000, 0x00000000ff700000|  0%| F|  |TAMS 0x00000000ff600000, 0x00000000ff600000| Untracked 
|  55|0x00000000ff700000, 0x00000000ff700000, 0x00000000ff800000|  0%| F|  |TAMS 0x00000000ff700000, 0x00000000ff700000| Untracked 
|  56|0x00000000ff800000, 0x00000000ff800000, 0x00000000ff900000|  0%| F|  |TAMS 0x00000000ff800000, 0x00000000ff800000| Untracked 
|  57|0x00000000ff900000, 0x00000000ff9d7b40, 0x00000000ffa00000| 84%| E|  |TAMS 0x00000000ff900000, 0x00000000ff900000| Complete 
|  58|0x00000000ffa00000, 0x00000000ffb00000, 0x00000000ffb00000|100%| E|CS|TAMS 0x00000000ffa00000, 0x00000000ffa00000| Complete 
|  59|0x00000000ffb00000, 0x00000000ffc00000, 0x00000000ffc00000|100%| E|CS|TAMS 0x00000000ffb00000, 0x00000000ffb00000| Complete 
|  60|0x00000000ffc00000, 0x00000000ffd00000, 0x00000000ffd00000|100%| E|CS|TAMS 0x00000000ffc00000, 0x00000000ffc00000| Complete 
|  61|0x00000000ffd00000, 0x00000000ffe00000, 0x00000000ffe00000|100%| E|CS|TAMS 0x00000000ffd00000, 0x00000000ffd00000| Complete 
|  62|0x00000000ffe00000, 0x00000000fff00000, 0x00000000fff00000|100%| E|CS|TAMS 0x00000000ffe00000, 0x00000000ffe00000| Complete 
|  63|0x00000000fff00000, 0x0000000100000000, 0x0000000100000000|100%| E|CS|TAMS 0x00000000fff00000, 0x00000000fff00000| Complete 

Card table byte_map: [0x000001cac3200000,0x000001cac3220000] _byte_map_base: 0x000001cac2a20000

Marking Bits (Prev, Next): (CMBitMap*) 0x000001caaaad8ec0, (CMBitMap*) 0x000001caaaad8f00
 Prev Bits: [0x000001cac3240000, 0x000001cac3340000)
 Next Bits: [0x000001cac3340000, 0x000001cac3440000)

Polling page: 0x000001caaa960000

Metaspace:

Usage:
  Non-class:      6.65 MB used.
      Class:      1.03 MB used.
       Both:      7.68 MB used.

Virtual space:
  Non-class space:       64.00 MB reserved,       6.75 MB ( 11%) committed,  1 nodes.
      Class space:        1.00 GB reserved,       1.12 MB ( <1%) committed,  1 nodes.
             Both:        1.06 GB reserved,       7.88 MB ( <1%) committed. 

Chunk freelists:
   Non-Class:  512.00 KB
       Class:  2.70 MB
        Both:  3.18 MB

MaxMetaspaceSize: unlimited
CompressedClassSpaceSize: 1.00 GB
Initial GC threshold: 21.00 MB
Current GC threshold: 21.00 MB
CDS: on
MetaspaceReclaimPolicy: balanced
 - commit_granule_bytes: 65536.
 - commit_granule_words: 8192.
 - virtual_space_node_default_size: 8388608.
 - enlarge_chunks_in_place: 1.
 - new_chunks_are_fully_committed: 0.
 - uncommit_free_chunks: 1.
 - use_allocation_guard: 0.


Internal statistics:

num_allocs_failed_limit: 0.
num_arena_births: 188.
num_arena_deaths: 0.
num_vsnodes_births: 2.
num_vsnodes_deaths: 0.
num_space_committed: 127.
num_space_uncommitted: 0.
num_chunks_returned_to_freelist: 0.
num_chunks_taken_from_freelist: 424.
num_chunk_merges: 0.
num_chunk_splits: 261.
num_chunks_enlarged: 191.
num_inconsistent_stats: 0.

CodeHeap 'non-profiled nmethods': size=120000Kb used=428Kb max_used=428Kb free=119571Kb
 bounds [0x000001cabb6b0000, 0x000001cabb920000, 0x000001cac2be0000]
CodeHeap 'profiled nmethods': size=120000Kb used=2432Kb max_used=2432Kb free=117567Kb
 bounds [0x000001cab4180000, 0x000001cab43f0000, 0x000001cabb6b0000]
CodeHeap 'non-nmethods': size=5760Kb used=1179Kb max_used=1194Kb free=4580Kb
 bounds [0x000001cab3be0000, 0x000001cab3e50000, 0x000001cab4180000]
 total_blobs=1739 nmethods=1273 adapters=380
 compilation: enabled
              stopped_count=0, restarted_count=0
 full_count=0

Compilation events (20 events):
Event: 3.557 Thread 0x000001cac59757b0 1212       4       java.util.Collections::emptyList (4 bytes)
Event: 3.557 Thread 0x000001cac59757b0 nmethod 1212 0x000001cabb719310 code [0x000001cabb719480, 0x000001cabb7194d8]
Event: 3.557 Thread 0x000001cac5978330 nmethod 1258 0x000001cab43d6d10 code [0x000001cab43d7000, 0x000001cab43d7fc8]
Event: 3.557 Thread 0x000001cac59757b0 1230       4       java.util.concurrent.ConcurrentHashMap::putIfAbsent (8 bytes)
Event: 3.557 Thread 0x000001cac5978330 1243       3       sun.util.locale.BaseLocale$Cache::normalizeKey (9 bytes)
Event: 3.558 Thread 0x000001cac5978330 nmethod 1243 0x000001cab43d8510 code [0x000001cab43d86c0, 0x000001cab43d8968]
Event: 3.558 Thread 0x000001cac5978330 1244       3       sun.util.locale.BaseLocale$Cache::normalizeKey (5 bytes)
Event: 3.558 Thread 0x000001cac5978330 nmethod 1244 0x000001cab43d8a90 code [0x000001cab43d8c20, 0x000001cab43d8d68]
Event: 3.558 Thread 0x000001cac5978330 1245       3       sun.util.locale.BaseLocale$Cache::createObject (9 bytes)
Event: 3.558 Thread 0x000001cac59757b0 nmethod 1230 0x000001cabb719610 code [0x000001cabb7197a0, 0x000001cabb719848]
Event: 3.558 Thread 0x000001cac59757b0 1211 % !   4       java.util.concurrent.ConcurrentHashMap::transfer @ 372 (849 bytes)
Event: 3.559 Thread 0x000001cac5978330 nmethod 1245 0x000001cab43d8e10 code [0x000001cab43d9000, 0x000001cab43d9538]
Event: 3.559 Thread 0x000001cac5978330 1246       3       sun.util.locale.BaseLocale$Cache::createObject (8 bytes)
Event: 3.560 Thread 0x000001cac5978330 nmethod 1246 0x000001cab43d9710 code [0x000001cab43d98e0, 0x000001cab43d9cb8]
Event: 3.577 Thread 0x000001cac5978330 1264       3       sun.util.locale.LocaleUtils::caseIgnoreMatch (73 bytes)
Event: 3.579 Thread 0x000001cac5978330 nmethod 1264 0x000001cab43d9e10 code [0x000001cab43da0e0, 0x000001cab43db278]
Event: 3.581 Thread 0x000001cac5978330 1265       3       sun.util.locale.BaseLocale$Key::equals (109 bytes)
Event: 3.582 Thread 0x000001cac5978330 nmethod 1265 0x000001cab43db910 code [0x000001cab43dbb80, 0x000001cab43dc8d8]
Event: 3.590 Thread 0x000001cac5978330 1268       1       java.util.concurrent.locks.AbstractQueuedSynchronizer::setState (6 bytes)
Event: 3.590 Thread 0x000001cac5978330 nmethod 1268 0x000001cabb719910 code [0x000001cabb719aa0, 0x000001cabb719b78]

GC Heap History (4 events):
Event: 1.349 GC heap before
{Heap before GC invocations=0 (full 0):
 garbage-first heap   total 65536K, used 15360K [0x00000000fc000000, 0x0000000100000000)
  region size 1024K, 13 young (13312K), 0 survivors (0K)
 Metaspace       used 2036K, committed 2176K, reserved 1114112K
  class space    used 191K, committed 256K, reserved 1048576K
}
Event: 1.358 GC heap after
{Heap after GC invocations=1 (full 0):
 garbage-first heap   total 65536K, used 3644K [0x00000000fc000000, 0x0000000100000000)
  region size 1024K, 2 young (2048K), 2 survivors (2048K)
 Metaspace       used 2036K, committed 2176K, reserved 1114112K
  class space    used 191K, committed 256K, reserved 1048576K
}
Event: 2.648 GC heap before
{Heap before GC invocations=1 (full 0):
 garbage-first heap   total 65536K, used 21052K [0x00000000fc000000, 0x0000000100000000)
  region size 1024K, 17 young (17408K), 2 survivors (2048K)
 Metaspace       used 5988K, committed 6208K, reserved 1114112K
  class space    used 809K, committed 896K, reserved 1048576K
}
Event: 2.657 GC heap after
{Heap after GC invocations=2 (full 0):
 garbage-first heap   total 65536K, used 9637K [0x00000000fc000000, 0x0000000100000000)
  region size 1024K, 3 young (3072K), 3 survivors (3072K)
 Metaspace       used 5988K, committed 6208K, reserved 1114112K
  class space    used 809K, committed 896K, reserved 1048576K
}

Deoptimization events (20 events):
Event: 3.321 Thread 0x000001caaaa7bf90 Uncommon trap: trap_request=0xffffff45 fr.pc=0x000001cabb702f20 relative=0x0000000000000480
Event: 3.321 Thread 0x000001caaaa7bf90 Uncommon trap: reason=unstable_if action=reinterpret pc=0x000001cabb702f20 method=java.lang.AbstractStringBuilder.append(Ljava/lang/String;)Ljava/lang/AbstractStringBuilder; @ 1 c2
Event: 3.321 Thread 0x000001caaaa7bf90 DEOPT PACKING pc=0x000001cabb702f20 sp=0x000000bd245fde90
Event: 3.321 Thread 0x000001caaaa7bf90 DEOPT UNPACKING pc=0x000001cab3c323a3 sp=0x000000bd245fde00 mode 2
Event: 3.322 Thread 0x000001caaaa7bf90 Uncommon trap: trap_request=0xffffff45 fr.pc=0x000001cabb6e6414 relative=0x0000000000000474
Event: 3.322 Thread 0x000001caaaa7bf90 Uncommon trap: reason=unstable_if action=reinterpret pc=0x000001cabb6e6414 method=java.lang.AbstractStringBuilder.append(Ljava/lang/String;)Ljava/lang/AbstractStringBuilder; @ 1 c2
Event: 3.322 Thread 0x000001caaaa7bf90 DEOPT PACKING pc=0x000001cabb6e6414 sp=0x000000bd245fde30
Event: 3.322 Thread 0x000001caaaa7bf90 DEOPT UNPACKING pc=0x000001cab3c323a3 sp=0x000000bd245fde08 mode 2
Event: 3.475 Thread 0x000001caaaa7bf90 Uncommon trap: trap_request=0xffffffc6 fr.pc=0x000001cabb703a9c relative=0x00000000000002dc
Event: 3.475 Thread 0x000001caaaa7bf90 Uncommon trap: reason=bimorphic_or_optimized_type_check action=maybe_recompile pc=0x000001cabb703a9c method=java.util.concurrent.ConcurrentHashMap.get(Ljava/lang/Object;)Ljava/lang/Object; @ 149 c2
Event: 3.475 Thread 0x000001caaaa7bf90 DEOPT PACKING pc=0x000001cabb703a9c sp=0x000000bd245fd7d0
Event: 3.475 Thread 0x000001caaaa7bf90 DEOPT UNPACKING pc=0x000001cab3c323a3 sp=0x000000bd245fd740 mode 2
Event: 3.478 Thread 0x000001caaaa7bf90 Uncommon trap: trap_request=0xffffffc6 fr.pc=0x000001cabb703a9c relative=0x00000000000002dc
Event: 3.478 Thread 0x000001caaaa7bf90 Uncommon trap: reason=bimorphic_or_optimized_type_check action=maybe_recompile pc=0x000001cabb703a9c method=java.util.concurrent.ConcurrentHashMap.get(Ljava/lang/Object;)Ljava/lang/Object; @ 149 c2
Event: 3.478 Thread 0x000001caaaa7bf90 DEOPT PACKING pc=0x000001cabb703a9c sp=0x000000bd245fd7d0
Event: 3.478 Thread 0x000001caaaa7bf90 DEOPT UNPACKING pc=0x000001cab3c323a3 sp=0x000000bd245fd740 mode 2
Event: 3.573 Thread 0x000001caaaa7bf90 Uncommon trap: trap_request=0xffffffc6 fr.pc=0x000001cabb703a9c relative=0x00000000000002dc
Event: 3.573 Thread 0x000001caaaa7bf90 Uncommon trap: reason=bimorphic_or_optimized_type_check action=maybe_recompile pc=0x000001cabb703a9c method=java.util.concurrent.ConcurrentHashMap.get(Ljava/lang/Object;)Ljava/lang/Object; @ 149 c2
Event: 3.573 Thread 0x000001caaaa7bf90 DEOPT PACKING pc=0x000001cabb703a9c sp=0x000000bd245fd730
Event: 3.573 Thread 0x000001caaaa7bf90 DEOPT UNPACKING pc=0x000001cab3c323a3 sp=0x000000bd245fd690 mode 2

Classes loaded (20 events):
Event: 3.346 Loading class java/net/SocketImpl done
Event: 3.346 Loading class sun/nio/ch/DummySocketImpl done
Event: 3.347 Loading class sun/net/NetHooks
Event: 3.347 Loading class sun/net/NetHooks done
Event: 3.349 Loading class sun/net/util/SocketExceptions
Event: 3.350 Loading class sun/net/util/SocketExceptions done
Event: 3.364 Loading class java/io/DataOutputStream
Event: 3.364 Loading class java/io/DataOutputStream done
Event: 3.373 Loading class java/io/FileOutputStream$1
Event: 3.374 Loading class java/io/FileOutputStream$1 done
Event: 3.418 Loading class sun/util/calendar/ZoneInfoFile$Checksum
Event: 3.419 Loading class sun/util/calendar/ZoneInfoFile$Checksum done
Event: 3.427 Loading class jdk/internal/module/ModulePatcher$PatchedModuleReader
Event: 3.428 Loading class jdk/internal/module/ModulePatcher$PatchedModuleReader done
Event: 3.429 Loading class sun/net/www/protocol/jrt/Handler
Event: 3.429 Loading class sun/net/www/protocol/jrt/Handler done
Event: 3.499 Loading class java/util/AbstractList$ListItr
Event: 3.499 Loading class java/util/AbstractList$ListItr done
Event: 3.569 Loading class sun/util/locale/provider/BaseLocaleDataMetaInfo
Event: 3.569 Loading class sun/util/locale/provider/BaseLocaleDataMetaInfo done

Classes unloaded (0 events):
No events

Classes redefined (0 events):
No events

Internal exceptions (20 events):
Event: 1.934 Thread 0x000001caaaa7bf90 Exception <a 'java/lang/NoSuchMethodError'{0x00000000ff9f6930}: 'java.lang.Object java.lang.invoke.DirectMethodHandle$Holder.invokeStatic(java.lang.Object, java.lang.Object, int)'> (0x00000000ff9f6930) 
thrown [s\open\src\hotspot\share\interpreter\linkResolver.cpp, line 766]
Event: 1.942 Thread 0x000001caaaa7bf90 Exception <a 'java/lang/NoSuchMethodError'{0x00000000ff802da0}: 'void java.lang.invoke.DelegatingMethodHandle$Holder.delegate(java.lang.Object, java.lang.Object, int, java.lang.Object)'> (0x00000000ff802da0) 
thrown [s\open\src\hotspot\share\interpreter\linkResolver.cpp, line 766]
Event: 1.951 Thread 0x000001caaaa7bf90 Exception <a 'java/lang/NoSuchMethodError'{0x00000000ff806ef0}: 'int java.lang.invoke.DirectMethodHandle$Holder.invokeSpecial(java.lang.Object, java.lang.Object, java.lang.Object)'> (0x00000000ff806ef0) 
thrown [s\open\src\hotspot\share\interpreter\linkResolver.cpp, line 766]
Event: 2.044 Thread 0x000001caaaa7bf90 Exception <a 'java/lang/NoSuchMethodError'{0x00000000ff8a5730}: 'java.lang.Object java.lang.invoke.DirectMethodHandle$Holder.invokeVirtual(java.lang.Object, java.lang.Object, java.lang.Object)'> (0x00000000ff8a5730) 
thrown [s\open\src\hotspot\share\interpreter\linkResolver.cpp, line 766]
Event: 2.284 Thread 0x000001caaaa7bf90 Exception <a 'java/lang/NoSuchMethodError'{0x00000000ff540108}: 'java.lang.Object java.lang.invoke.Invokers$Holder.invokeExact_MT(java.lang.Object, java.lang.Object, java.lang.Object, java.lang.Object, java.lang.Object)'> (0x00000000ff540108) 
thrown [s\open\src\hotspot\share\interpreter\linkResolver.cpp, line 766]
Event: 2.339 Thread 0x000001caaaa7bf90 Exception <a 'java/lang/NoSuchMethodError'{0x00000000ff426e78}: 'java.lang.Object java.lang.invoke.DirectMethodHandle$Holder.invokeVirtual(java.lang.Object, java.lang.Object, java.lang.Object, java.lang.Object)'> (0x00000000ff426e78) 
thrown [s\open\src\hotspot\share\interpreter\linkResolver.cpp, line 766]
Event: 2.388 Thread 0x000001caaaa7bf90 Exception <a 'java/lang/NoSuchMethodError'{0x00000000ff30bb20}: 'java.lang.Object java.lang.invoke.DirectMethodHandle$Holder.invokeVirtual(java.lang.Object, java.lang.Object, java.lang.Object, java.lang.Object, java.lang.Object, java.lang.Object)'> (0x00000000ff30bb20) 
thrown [s\open\src\hotspot\share\interpreter\linkResolver.cpp, line 766]
Event: 2.436 Thread 0x000001caaaa7bf90 Exception <a 'java/lang/NoSuchMethodError'{0x00000000ff3a6118}: 'java.lang.Object java.lang.invoke.DirectMethodHandle$Holder.invokeInterface(java.lang.Object, java.lang.Object, java.lang.Object)'> (0x00000000ff3a6118) 
thrown [s\open\src\hotspot\share\interpreter\linkResolver.cpp, line 766]
Event: 2.536 Thread 0x000001caaaa7bf90 Exception <a 'java/lang/NoSuchMethodError'{0x00000000ff0f8728}: 'java.lang.Object java.lang.invoke.DirectMethodHandle$Holder.invokeStaticInit(java.lang.Object)'> (0x00000000ff0f8728) 
thrown [s\open\src\hotspot\share\interpreter\linkResolver.cpp, line 766]
Event: 2.666 Thread 0x000001caaaa7bf90 Exception <a 'java/lang/NoSuchMethodError'{0x00000000fff1bd78}: 'java.lang.Object java.lang.invoke.DirectMethodHandle$Holder.invokeVirtual(java.lang.Object, java.lang.Object, java.lang.Object, java.lang.Object, java.lang.Object)'> (0x00000000fff1bd78) 
thrown [s\open\src\hotspot\share\interpreter\linkResolver.cpp, line 766]
Event: 2.674 Thread 0x000001caaaa7bf90 Exception <a 'java/lang/NoSuchMethodError'{0x00000000fff302e8}: 'java.lang.Object java.lang.invoke.Invokers$Holder.invokeExact_MT(java.lang.Object, java.lang.Object, java.lang.Object, java.lang.Object, java.lang.Object, java.lang.Object)'> (0x00000000fff302e8) 
thrown [s\open\src\hotspot\share\interpreter\linkResolver.cpp, line 766]
Event: 2.775 Thread 0x000001caaaa7bf90 Exception <a 'java/lang/NoSuchMethodError'{0x00000000ffec4860}: 'java.lang.Object java.lang.invoke.DirectMethodHandle$Holder.invokeVirtual(java.lang.Object, java.lang.Object, java.lang.Object, java.lang.Object, java.lang.Object, java.lang.Object, java.lang.Object, java.lang.Object)'> (0x00000000ffec4860) 
thrown [s\open\src\hotspot\share\interpreter\linkResolver.cpp, line 766]
Event: 2.776 Thread 0x000001caaaa7bf90 Exception <a 'java/lang/NoSuchMethodError'{0x00000000ffec9df0}: 'java.lang.Object java.lang.invoke.DirectMethodHandle$Holder.invokeSpecial(java.lang.Object, java.lang.Object, java.lang.Object, java.lang.Object, java.lang.Object, java.lang.Object, java.lang.Object, java.lang.Object, java.lang.Object)'> (0x00000000ffec9df0) 
thrown [s\open\src\hotspot\share\interpreter\linkResolver.cpp, line 766]
Event: 2.853 Thread 0x000001caaaa7bf90 Exception <a 'java/lang/NoSuchMethodError'{0x00000000ffdf4e88}: 'java.lang.Object java.lang.invoke.DirectMethodHandle$Holder.invokeStaticInit(java.lang.Object, int, int, int, int)'> (0x00000000ffdf4e88) 
thrown [s\open\src\hotspot\share\interpreter\linkResolver.cpp, line 766]
Event: 2.966 Thread 0x000001caaaa7bf90 Exception <a 'java/lang/NoSuchMethodError'{0x00000000ffc33568}: 'java.lang.Object java.lang.invoke.DirectMethodHandle$Holder.invokeStaticInit(java.lang.Object, java.lang.Object, int, int, int, int)'> (0x00000000ffc33568) 
thrown [s\open\src\hotspot\share\interpreter\linkResolver.cpp, line 766]
Event: 3.279 Thread 0x000001caaaa7bf90 Exception <a 'java/lang/NoSuchMethodError'{0x00000000ffc587d8}: 'void java.lang.invoke.DirectMethodHandle$Holder.invokeStatic(java.lang.Object, java.lang.Object, java.lang.Object)'> (0x00000000ffc587d8) 
thrown [s\open\src\hotspot\share\interpreter\linkResolver.cpp, line 766]
Event: 3.321 Thread 0x000001caaaa7bf90 Implicit null exception at 0x000001cabb702ad2 to 0x000001cabb702f0c
Event: 3.322 Thread 0x000001caaaa7bf90 Implicit null exception at 0x000001cabb6e5fd2 to 0x000001cabb6e6400
Event: 3.331 Thread 0x000001caaaa7bf90 Exception <a 'java/lang/NoSuchMethodError'{0x00000000ffb07420}: 'void java.lang.invoke.DirectMethodHandle$Holder.invokeInterface(java.lang.Object, java.lang.Object, java.lang.Object)'> (0x00000000ffb07420) 
thrown [s\open\src\hotspot\share\interpreter\linkResolver.cpp, line 766]
Event: 3.349 Thread 0x000001caaaa7bf90 Exception <a 'java/net/ConnectException'{0x00000000ffb1c360}: Connection refused: no further information> (0x00000000ffb1c360) 
thrown [s\open\src\hotspot\share\prims\jni.cpp, line 535]

VM Operations (20 events):
Event: 1.595 Executing VM operation: HandshakeAllThreads
Event: 1.595 Executing VM operation: HandshakeAllThreads done
Event: 1.854 Executing VM operation: HandshakeAllThreads
Event: 1.854 Executing VM operation: HandshakeAllThreads done
Event: 1.931 Executing VM operation: HandshakeAllThreads
Event: 1.931 Executing VM operation: HandshakeAllThreads done
Event: 2.293 Executing VM operation: HandshakeAllThreads
Event: 2.293 Executing VM operation: HandshakeAllThreads done
Event: 2.352 Executing VM operation: HandshakeAllThreads
Event: 2.352 Executing VM operation: HandshakeAllThreads done
Event: 2.648 Executing VM operation: G1CollectForAllocation
Event: 2.657 Executing VM operation: G1CollectForAllocation done
Event: 2.875 Executing VM operation: HandshakeAllThreads
Event: 2.875 Executing VM operation: HandshakeAllThreads done
Event: 2.950 Executing VM operation: HandshakeAllThreads
Event: 2.950 Executing VM operation: HandshakeAllThreads done
Event: 3.420 Executing VM operation: HandshakeAllThreads
Event: 3.420 Executing VM operation: HandshakeAllThreads done
Event: 3.499 Executing VM operation: HandshakeAllThreads
Event: 3.500 Executing VM operation: HandshakeAllThreads done

Events (20 events):
Event: 0.067 Thread 0x000001cac5968e00 Thread added: 0x000001cac5968e00
Event: 0.067 Thread 0x000001cac59757b0 Thread added: 0x000001cac59757b0
Event: 0.067 Thread 0x000001cac5978330 Thread added: 0x000001cac5978330
Event: 0.067 Thread 0x000001cac597dbd0 Thread added: 0x000001cac597dbd0
Event: 0.108 Thread 0x000001cac9c51580 Thread added: 0x000001cac9c51580
Event: 0.115 Thread 0x000001cac9c53cc0 Thread added: 0x000001cac9c53cc0
Event: 0.123 Loaded shared library C:\Program Files\Java\jdk-18.0.1.1\bin\net.dll
Event: 0.128 Loaded shared library C:\Program Files\Java\jdk-18.0.1.1\bin\nio.dll
Event: 0.151 Loaded shared library C:\Program Files\Java\jdk-18.0.1.1\bin\zip.dll
Event: 1.018 Loaded shared library C:\Program Files\Java\jdk-18.0.1.1\bin\jimage.dll
Event: 1.037 Thread 0x000001cac5978840 Thread added: 0x000001cac5978840
Event: 1.237 Loaded shared library C:\Program Files\Java\jdk-18.0.1.1\bin\verify.dll
Event: 1.405 Thread 0x000001cac5978840 Thread exited: 0x000001cac5978840
Event: 1.916 Thread 0x000001cac597b5d0 Thread added: 0x000001cac597b5d0
Event: 2.022 Loaded shared library C:\Users\ASUS\.gradle\native\e1d6ef7f7dcc3fd88c89a11ec53ec762bb8ba0a96d01ffa2cd45eb1d1d8dd5c5\windows-amd64\native-platform.dll
Event: 2.096 Loaded shared library C:\Users\ASUS\.gradle\native\jansi\1.18\windows64\jansi.dll
Event: 2.164 Thread 0x000001caca041a80 Thread added: 0x000001caca041a80
Event: 2.249 Thread 0x000001cac597b5d0 Thread exited: 0x000001cac597b5d0
Event: 2.540 Loaded shared library C:\Program Files\Java\jdk-18.0.1.1\bin\management.dll
Event: 2.547 Loaded shared library C:\Program Files\Java\jdk-18.0.1.1\bin\management_ext.dll


Dynamic libraries:
0x00007ff656930000 - 0x00007ff656940000 	C:\Program Files\Java\jdk-18.0.1.1\bin\java.exe
0x00007fffe7130000 - 0x00007fffe7328000 	C:\Windows\SYSTEM32\ntdll.dll
0x00007fffe52c0000 - 0x00007fffe537d000 	C:\Windows\System32\KERNEL32.DLL
0x00007fffe4d80000 - 0x00007fffe504e000 	C:\Windows\System32\KERNELBASE.dll
0x00007fffe4b20000 - 0x00007fffe4c20000 	C:\Windows\System32\ucrtbase.dll
0x00007fffa2a40000 - 0x00007fffa2a5a000 	C:\Program Files\Java\jdk-18.0.1.1\bin\VCRUNTIME140.dll
0x00007fffa2a60000 - 0x00007fffa2a78000 	C:\Program Files\Java\jdk-18.0.1.1\bin\jli.dll
0x00007fffe5c10000 - 0x00007fffe5cbe000 	C:\Windows\System32\ADVAPI32.dll
0x00007fffe6720000 - 0x00007fffe67be000 	C:\Windows\System32\msvcrt.dll
0x00007fffe5cc0000 - 0x00007fffe5d5c000 	C:\Windows\System32\sechost.dll
0x00007fffe5190000 - 0x00007fffe52b5000 	C:\Windows\System32\RPCRT4.dll
0x00007fffe53e0000 - 0x00007fffe5580000 	C:\Windows\System32\USER32.dll
0x00007fffe4850000 - 0x00007fffe4872000 	C:\Windows\System32\win32u.dll
0x00007fffe3c60000 - 0x00007fffe3efa000 	C:\Windows\WinSxS\amd64_microsoft.windows.common-controls_6595b64144ccf1df_6.0.19041.1110_none_60b5254171f9507e\COMCTL32.dll
0x00007fffe6600000 - 0x00007fffe662a000 	C:\Windows\System32\GDI32.dll
0x00007fffe4910000 - 0x00007fffe4a1b000 	C:\Windows\System32\gdi32full.dll
0x00007fffe5080000 - 0x00007fffe511d000 	C:\Windows\System32\msvcp_win.dll
0x00007fffe2990000 - 0x00007fffe299a000 	C:\Windows\SYSTEM32\VERSION.dll
0x00007fffe6c50000 - 0x00007fffe6c80000 	C:\Windows\System32\IMM32.DLL
0x00007fffbbb30000 - 0x00007fffbbb3c000 	C:\Program Files\Java\jdk-18.0.1.1\bin\vcruntime140_1.dll
0x00007fff95180000 - 0x00007fff9520d000 	C:\Program Files\Java\jdk-18.0.1.1\bin\msvcp140.dll
0x00007fff94570000 - 0x00007fff95180000 	C:\Program Files\Java\jdk-18.0.1.1\bin\server\jvm.dll
0x00007fffe5940000 - 0x00007fffe5948000 	C:\Windows\System32\PSAPI.DLL
0x00007fffdac00000 - 0x00007fffdac27000 	C:\Windows\SYSTEM32\WINMM.dll
0x00007fffba440000 - 0x00007fffba449000 	C:\Windows\SYSTEM32\WSOCK32.dll
0x00007fffe6590000 - 0x00007fffe65fb000 	C:\Windows\System32\WS2_32.dll
0x00007fffe2a90000 - 0x00007fffe2aa2000 	C:\Windows\SYSTEM32\kernel.appcore.dll
0x00007fffa2a30000 - 0x00007fffa2a3a000 	C:\Program Files\Java\jdk-18.0.1.1\bin\jimage.dll
0x00007fffe4260000 - 0x00007fffe4444000 	C:\Windows\SYSTEM32\DBGHELP.DLL
0x00007fffe41b0000 - 0x00007fffe41dc000 	C:\Windows\SYSTEM32\dbgcore.DLL
0x00007fffe4880000 - 0x00007fffe4902000 	C:\Windows\System32\bcryptPrimitives.dll
0x00007fff94540000 - 0x00007fff94565000 	C:\Program Files\Java\jdk-18.0.1.1\bin\java.dll
0x00007fff94460000 - 0x00007fff94536000 	C:\Program Files\Java\jdk-18.0.1.1\bin\jsvml.dll
0x00007fffe5e10000 - 0x00007fffe6554000 	C:\Windows\System32\SHELL32.dll
0x00007fffe2140000 - 0x00007fffe28d4000 	C:\Windows\SYSTEM32\windows.storage.dll
0x00007fffe68f0000 - 0x00007fffe6c44000 	C:\Windows\System32\combase.dll
0x00007fffe3bc0000 - 0x00007fffe3bf0000 	C:\Windows\SYSTEM32\Wldp.dll
0x00007fffe5890000 - 0x00007fffe593d000 	C:\Windows\System32\SHCORE.dll
0x00007fffe5380000 - 0x00007fffe53d5000 	C:\Windows\System32\shlwapi.dll
0x00007fffe4790000 - 0x00007fffe47af000 	C:\Windows\SYSTEM32\profapi.dll
0x00007fffa1fe0000 - 0x00007fffa1ff3000 	C:\Program Files\Java\jdk-18.0.1.1\bin\net.dll
0x00007fffd98f0000 - 0x00007fffd99fa000 	C:\Windows\SYSTEM32\WINHTTP.dll
0x00007fffe38c0000 - 0x00007fffe392a000 	C:\Windows\system32\mswsock.dll
0x00007fff94440000 - 0x00007fff94456000 	C:\Program Files\Java\jdk-18.0.1.1\bin\nio.dll
0x00007fff94420000 - 0x00007fff94438000 	C:\Program Files\Java\jdk-18.0.1.1\bin\zip.dll
0x00007fffa2260000 - 0x00007fffa2270000 	C:\Program Files\Java\jdk-18.0.1.1\bin\verify.dll
0x00007fff93d20000 - 0x00007fff93d47000 	C:\Users\ASUS\.gradle\native\e1d6ef7f7dcc3fd88c89a11ec53ec762bb8ba0a96d01ffa2cd45eb1d1d8dd5c5\windows-amd64\native-platform.dll
0x00007fff93d10000 - 0x00007fff93d1a000 	C:\Users\ASUS\.gradle\native\jansi\1.18\windows64\jansi.dll
0x00007fff93d00000 - 0x00007fff93d09000 	C:\Program Files\Java\jdk-18.0.1.1\bin\management.dll
0x00007fff93cf0000 - 0x00007fff93cfb000 	C:\Program Files\Java\jdk-18.0.1.1\bin\management_ext.dll
0x00007fffe4570000 - 0x00007fffe4588000 	C:\Windows\SYSTEM32\CRYPTSP.dll
0x00007fffe3260000 - 0x00007fffe3294000 	C:\Windows\system32\rsaenh.dll
0x00007fffe5050000 - 0x00007fffe5077000 	C:\Windows\System32\bcrypt.dll
0x00007fffe4750000 - 0x00007fffe477e000 	C:\Windows\SYSTEM32\USERENV.dll
0x00007fffe3bb0000 - 0x00007fffe3bbc000 	C:\Windows\SYSTEM32\CRYPTBASE.dll
0x00007fffe35b0000 - 0x00007fffe35eb000 	C:\Windows\SYSTEM32\IPHLPAPI.DLL
0x00007fffe6710000 - 0x00007fffe6718000 	C:\Windows\System32\NSI.dll
0x00007fffda720000 - 0x00007fffda737000 	C:\Windows\SYSTEM32\dhcpcsvc6.DLL
0x00007fffda7f0000 - 0x00007fffda80d000 	C:\Windows\SYSTEM32\dhcpcsvc.DLL
0x00007fffe35f0000 - 0x00007fffe36bb000 	C:\Windows\SYSTEM32\DNSAPI.dll

dbghelp: loaded successfully - version: 4.0.5 - missing functions: none
symbol engine: initialized successfully - sym options: 0x614 - pdb path: .;C:\Program Files\Java\jdk-18.0.1.1\bin;C:\Windows\SYSTEM32;C:\Windows\WinSxS\amd64_microsoft.windows.common-controls_6595b64144ccf1df_6.0.19041.1110_none_60b5254171f9507e;C:\Program Files\Java\jdk-18.0.1.1\bin\server;C:\Users\ASUS\.gradle\native\e1d6ef7f7dcc3fd88c89a11ec53ec762bb8ba0a96d01ffa2cd45eb1d1d8dd5c5\windows-amd64;C:\Users\ASUS\.gradle\native\jansi\1.18\windows64

VM Arguments:
jvm_args: -Xmx64m -Xms64m -Dorg.gradle.appname=gradlew 
java_command: org.gradle.wrapper.GradleWrapperMain app:installDebug -PreactNativeDevServerPort=8081
java_class_path (initial): F:\BT\Kerja\android\\gradle\wrapper\gradle-wrapper.jar
Launcher Type: SUN_STANDARD

[Global flags]
     intx CICompilerCount                          = 3                                         {product} {ergonomic}
     uint ConcGCThreads                            = 1                                         {product} {ergonomic}
     uint G1ConcRefinementThreads                  = 4                                         {product} {ergonomic}
   size_t G1HeapRegionSize                         = 1048576                                   {product} {ergonomic}
    uintx GCDrainStackTargetSize                   = 64                                        {product} {ergonomic}
   size_t InitialHeapSize                          = 67108864                                  {product} {command line}
   size_t MarkStackSize                            = 4194304                                   {product} {ergonomic}
   size_t MaxHeapSize                              = 67108864                                  {product} {command line}
   size_t MaxNewSize                               = 39845888                                  {product} {ergonomic}
   size_t MinHeapDeltaBytes                        = 1048576                                   {product} {ergonomic}
   size_t MinHeapSize                              = 67108864                                  {product} {command line}
    uintx NonNMethodCodeHeapSize                   = 5832780                                {pd product} {ergonomic}
    uintx NonProfiledCodeHeapSize                  = 122912730                              {pd product} {ergonomic}
    uintx ProfiledCodeHeapSize                     = 122912730                              {pd product} {ergonomic}
    uintx ReservedCodeCacheSize                    = 251658240                              {pd product} {ergonomic}
     bool SegmentedCodeCache                       = true                                      {product} {ergonomic}
   size_t SoftMaxHeapSize                          = 67108864                               {manageable} {ergonomic}
     bool UseCompressedClassPointers               = true                           {product lp64_product} {ergonomic}
     bool UseCompressedOops                        = true                           {product lp64_product} {ergonomic}
     bool UseG1GC                                  = true                                      {product} {ergonomic}
     bool UseLargePagesIndividualAllocation        = false                                  {pd product} {ergonomic}

Logging:
Log output configuration:
 #0: stdout all=warning uptime,level,tags foldmultilines=false
 #1: stderr all=off uptime,level,tags foldmultilines=false

Environment Variables:
JAVA_HOME=C:\Program Files\Java\jdk-18.0.1.1
CLASSPATH=F:\BT\Kerja\android\\gradle\wrapper\gradle-wrapper.jar
PATH=F:\BT\Kerja\android\node_modules\.bin;F:\BT\Kerja\node_modules\.bin;F:\BT\node_modules\.bin;F:\node_modules\.bin;C:\Program Files\nodejs;F:\BT\Kerja\node_modules\.bin;F:\BT\node_modules\.bin;F:\node_modules\.bin;C:\Program Files\nodejs\node_modules\npm\node_modules\@npmcli\run-script\lib\node-gyp-bin;C:\Program Files\Common Files\Oracle\Java\javapath;C:\Program Files (x86)\Common Files\Oracle\Java\javapath;C:\Windows\system32;C:\Windows;C:\Windows\System32\Wbem;C:\Windows\System32\WindowsPowerShell\v1.0\;C:\Windows\System32\OpenSSH\;C:\Program Files\nodejs\;C:\Users\ASUS\AppData\Local\Android\Sdk\platform-tools;C:\Program Files\Git\cmd;C:\ProgramData\chocolatey\bin;C:\Gradle\gradle-7.4\bin;C:\Users\ASUS\AppData\Local\Microsoft\WindowsApps;C:\Users\ASUS\AppData\Roaming\npm;C:\Users\ASUS\AppData\Local\Programs\Microsoft VS Code\bin;C:\Users\ASUS\AppData\Local\Android\Sdk\platform-tools;;F:\BT\Kerja\node_modules\.bin
USERNAME=ASUS
OS=Windows_NT
PROCESSOR_IDENTIFIER=AMD64 Family 22 Model 48 Stepping 1, AuthenticAMD



---------------  S Y S T E M  ---------------

OS:
 Windows 10 , 64 bit Build 19041 (10.0.19041.1806)
OS uptime: 0 days 0:03 hours

CPU: total 4 (initial active 4) (4 cores per cpu, 1 threads per core) family 22 model 48 stepping 1 microcode 0x0, cx8, cmov, fxsr, mmx, 3dnowpref, sse, sse2, sse3, ssse3, sse4a, sse4.1, sse4.2, popcnt, lzcnt, tsc, tscinvbit, avx, aes, clmul, bmi1, vzeroupper, clflush

Memory: 4k page, system-wide physical 7090M (3748M free)
TotalPageFile size 10290M (AvailPageFile size 6758M)
current process WorkingSet (physical memory assigned to process): 82M, peak: 82M
current process commit charge ("private bytes"): 156M, peak: 156M

vm_info: Java HotSpot(TM) 64-Bit Server VM (18.0.1.1+2-6) for windows-amd64 JRE (18.0.1.1+2-6), built on Apr 25 2022 21:53:15 by "mach5one" with MS VC++ 16.8 / 16.9 (VS2019)

END.
